<?xml version="1.0" encoding="UTF-8"?>
<!-- Generated by org.testng.reporters.JUnitReportReporter -->
<testsuite hostname="Dalia" failures="0" tests="3" name="magento.magentoTestCases" time="8.782" errors="0" timestamp="2023-12-13T21:21:19 EET" skipped="1">
  <testcase classname="magento.magentoTestCases" name="signUp" time="6.096"/>
  <system-out/>
  <testcase classname="magento.magentoTestCases" name="logOut" time="2.686"/>
  <system-out/>
  <testcase classname="magento.magentoTestCases" name="signIn">
    <skipped/>
  </testcase> <!-- signIn -->
  <system-out/>
</testsuite> <!-- magento.magentoTestCases -->
